ampl. thresh. = 100, min. dur. = 0.500, trans. dur. = 0.100
Read input sound file rfl.f.wav.
Peak value exceeded threshold at time=0.008
Write sound file z001.wav starting at time=0.008
Peak value dropped below threshold at t=4.868
Sound file z001.wav completed at time=4.968
Peak value exceeded threshold at time=5.912
Write sound file z002.wav starting at time=5.912
Peak value dropped below threshold at t=10.096
Sound file z002.wav completed at time=10.196
Peak value exceeded threshold at time=11.124
Write sound file z003.wav starting at time=11.124
Peak value dropped below threshold at t=15.324
Sound file z003.wav completed at time=15.424
Peak value exceeded threshold at time=16.327
Write sound file z004.wav starting at time=16.327
Peak value dropped below threshold at t=20.843
Sound file z004.wav completed at time=20.943
Peak value exceeded threshold at time=21.847
Write sound file z005.wav starting at time=21.847
Peak value dropped below threshold at t=26.172
Sound file z005.wav completed at time=26.272
Peak value exceeded threshold at time=27.177
Write sound file z006.wav starting at time=27.177
Peak value dropped below threshold at t=31.101
Sound file z006.wav completed at time=31.201
Peak value exceeded threshold at time=32.105
Write sound file z007.wav starting at time=32.105
Peak value dropped below threshold at t=36.364
Sound file z007.wav completed at time=36.464
Peak value exceeded threshold at time=37.353
Write sound file z008.wav starting at time=37.353
Peak value dropped below threshold at t=41.575
Sound file z008.wav completed at time=41.675
Peak value exceeded threshold at time=42.574
Write sound file z009.wav starting at time=42.574
Peak value dropped below threshold at t=46.825
Sound file z009.wav completed at time=46.925
Peak value exceeded threshold at time=47.841
Write sound file z010.wav starting at time=47.841
Peak value dropped below threshold at t=51.800
Sound file z010.wav completed at time=51.900
Peak value exceeded threshold at time=52.827
Write sound file z011.wav starting at time=52.827
Peak value dropped below threshold at t=56.803
Sound file z011.wav completed at time=56.903
Peak value exceeded threshold at time=57.812
Write sound file z012.wav starting at time=57.812
Peak value dropped below threshold at t=61.916
Sound file z012.wav completed at time=62.016
Peak value exceeded threshold at time=62.925
Write sound file z013.wav starting at time=62.925
Peak value dropped below threshold at t=66.806
Sound file z013.wav completed at time=66.906
Peak value exceeded threshold at time=67.810
Write sound file z014.wav starting at time=67.810
Peak value dropped below threshold at t=71.627
Sound file z014.wav completed at time=71.727
Peak value exceeded threshold at time=72.615
Write sound file z015.wav starting at time=72.615
Peak value dropped below threshold at t=76.665
Sound file z015.wav completed at time=76.765
Peak value exceeded threshold at time=77.674
Write sound file z016.wav starting at time=77.674
Peak value dropped below threshold at t=81.999
Sound file z016.wav completed at time=82.099
Peak value exceeded threshold at time=82.988
Write sound file z017.wav starting at time=82.988
Peak value dropped below threshold at t=86.967
Sound file z017.wav completed at time=87.067
Peak value exceeded threshold at time=87.966
Write sound file z018.wav starting at time=87.966
Peak value dropped below threshold at t=91.768
Sound file z018.wav completed at time=91.868
Peak value exceeded threshold at time=92.774
Write sound file z019.wav starting at time=92.774
Peak value dropped below threshold at t=96.697
Sound file z019.wav completed at time=96.797
Peak value exceeded threshold at time=97.679
Write sound file z020.wav starting at time=97.679
Peak value dropped below threshold at t=101.837
Sound file z020.wav completed at time=101.937
Peak value exceeded threshold at time=102.852
Write sound file z021.wav starting at time=102.852
Peak value dropped below threshold at t=106.805
Sound file z021.wav completed at time=106.905
Peak value exceeded threshold at time=107.795
Insufficient duration for note: 0.050
No sound file written.
Peak value exceeded threshold at time=107.860
Write sound file z022.wav starting at time=107.859
Peak value dropped below threshold at t=111.886
Sound file z022.wav completed at time=111.986
Peak value exceeded threshold at time=112.880
Insufficient duration for note: 0.062
No sound file written.
Peak value exceeded threshold at time=112.955
Write sound file z023.wav starting at time=112.955
Peak value dropped below threshold at t=116.689
Sound file z023.wav completed at time=116.789
Peak value exceeded threshold at time=117.689
Write sound file z024.wav starting at time=117.689
Peak value dropped below threshold at t=121.928
Sound file z024.wav completed at time=122.028
Peak value exceeded threshold at time=122.943
Write sound file z025.wav starting at time=122.943
Peak value dropped below threshold at t=127.094
Sound file z025.wav completed at time=127.194
Peak value exceeded threshold at time=128.076
Insufficient duration for note: 0.063
No sound file written.
Peak value exceeded threshold at time=128.141
Write sound file z026.wav starting at time=128.141
Peak value dropped below threshold at t=132.356
Sound file z026.wav completed at time=132.456
Peak value exceeded threshold at time=133.355
Write sound file z027.wav starting at time=133.355
Peak value dropped below threshold at t=137.269
Sound file z027.wav completed at time=137.369
Peak value exceeded threshold at time=138.246
Insufficient duration for note: 0.071
No sound file written.
Peak value exceeded threshold at time=138.318
Write sound file z028.wav starting at time=138.318
Peak value dropped below threshold at t=141.960
Sound file z028.wav completed at time=142.060
Peak value exceeded threshold at time=142.962
Write sound file z029.wav starting at time=142.962
Peak value dropped below threshold at t=146.938
Sound file z029.wav completed at time=147.038
Peak value exceeded threshold at time=147.932
Write sound file z030.wav starting at time=147.932
Peak value dropped below threshold at t=151.642
Sound file z030.wav completed at time=151.742
Peak value exceeded threshold at time=152.632
Write sound file z031.wav starting at time=152.632
Peak value dropped below threshold at t=156.750
Sound file z031.wav completed at time=156.850
Peak value exceeded threshold at time=157.728
Write sound file z032.wav starting at time=157.728
Peak value dropped below threshold at t=160.133
Sound file z032.wav completed at time=160.233
Peak value exceeded threshold at time=161.162
Write sound file z033.wav starting at time=161.162
Peak value dropped below threshold at t=164.408
Sound file z033.wav completed at time=164.508
Peak value exceeded threshold at time=165.384
Write sound file z034.wav starting at time=165.384
Peak value dropped below threshold at t=168.601
Sound file z034.wav completed at time=168.701
Peak value exceeded threshold at time=169.614
Write sound file z035.wav starting at time=169.614
Peak value dropped below threshold at t=173.137
Sound file z035.wav completed at time=173.237
Peak value exceeded threshold at time=174.134
Write sound file z036.wav starting at time=174.134
Peak value dropped below threshold at t=177.406
Sound file z036.wav completed at time=177.506
Peak value exceeded threshold at time=178.410
Write sound file z037.wav starting at time=178.410
All input samples of input file rfl.f.wav have been processed.
