ampl. thresh. = 100, min. dur. = 0.500, trans. dur. = 0.100
Read input sound file rfl.p.wav.
Peak value exceeded threshold at time=0.055
Write sound file z001.wav starting at time=0.055
Peak value dropped below threshold at t=3.306
Sound file z001.wav completed at time=3.406
Peak value exceeded threshold at time=4.432
Write sound file z002.wav starting at time=4.432
Peak value dropped below threshold at t=7.743
Sound file z002.wav completed at time=7.843
Peak value exceeded threshold at time=8.850
Write sound file z003.wav starting at time=8.850
Peak value dropped below threshold at t=12.762
Sound file z003.wav completed at time=12.862
Peak value exceeded threshold at time=13.790
Write sound file z004.wav starting at time=13.790
Peak value dropped below threshold at t=17.574
Sound file z004.wav completed at time=17.674
Peak value exceeded threshold at time=18.696
Write sound file z005.wav starting at time=18.696
Peak value dropped below threshold at t=22.274
Sound file z005.wav completed at time=22.374
Peak value exceeded threshold at time=23.365
Write sound file z006.wav starting at time=23.365
Peak value dropped below threshold at t=26.884
Sound file z006.wav completed at time=26.984
Peak value exceeded threshold at time=27.939
Write sound file z007.wav starting at time=27.939
Peak value dropped below threshold at t=31.364
Sound file z007.wav completed at time=31.464
Peak value exceeded threshold at time=32.486
Write sound file z008.wav starting at time=32.486
Peak value dropped below threshold at t=35.832
Sound file z008.wav completed at time=35.932
Peak value exceeded threshold at time=37.028
Write sound file z009.wav starting at time=37.028
Peak value dropped below threshold at t=40.399
Sound file z009.wav completed at time=40.499
Peak value exceeded threshold at time=40.503
Insufficient duration for note: 0.045
No sound file written.
Peak value exceeded threshold at time=41.610
Write sound file z010.wav starting at time=41.610
Peak value dropped below threshold at t=45.459
Sound file z010.wav completed at time=45.559
Peak value exceeded threshold at time=46.567
Write sound file z011.wav starting at time=46.567
Peak value dropped below threshold at t=49.675
Sound file z011.wav completed at time=49.775
Peak value exceeded threshold at time=49.775
Insufficient duration for note: 0.015
No sound file written.
Peak value exceeded threshold at time=50.873
Write sound file z012.wav starting at time=50.873
Peak value dropped below threshold at t=53.499
Sound file z012.wav completed at time=53.599
Peak value exceeded threshold at time=54.715
Write sound file z013.wav starting at time=54.714
Peak value dropped below threshold at t=57.505
Sound file z013.wav completed at time=57.605
Peak value exceeded threshold at time=58.617
Write sound file z014.wav starting at time=58.617
Peak value dropped below threshold at t=62.215
Sound file z014.wav completed at time=62.315
Peak value exceeded threshold at time=63.280
Write sound file z015.wav starting at time=63.280
Peak value dropped below threshold at t=66.664
Sound file z015.wav completed at time=66.764
Peak value exceeded threshold at time=67.818
Insufficient duration for note: 0.030
No sound file written.
Peak value exceeded threshold at time=67.879
Write sound file z016.wav starting at time=67.879
Peak value dropped below threshold at t=71.031
Sound file z016.wav completed at time=71.131
Peak value exceeded threshold at time=71.140
Insufficient duration for note: 0.041
No sound file written.
Peak value exceeded threshold at time=72.185
Write sound file z017.wav starting at time=72.185
Peak value dropped below threshold at t=75.836
Sound file z017.wav completed at time=75.936
Peak value exceeded threshold at time=76.877
Write sound file z018.wav starting at time=76.877
Peak value dropped below threshold at t=79.765
Sound file z018.wav completed at time=79.865
Peak value exceeded threshold at time=80.931
Write sound file z019.wav starting at time=80.931
Peak value dropped below threshold at t=84.352
Sound file z019.wav completed at time=84.452
Peak value exceeded threshold at time=85.395
Write sound file z020.wav starting at time=85.395
Peak value dropped below threshold at t=88.903
Sound file z020.wav completed at time=89.003
Peak value exceeded threshold at time=90.037
Write sound file z021.wav starting at time=90.037
Peak value dropped below threshold at t=93.324
Sound file z021.wav completed at time=93.424
Peak value exceeded threshold at time=94.328
Write sound file z022.wav starting at time=94.328
Peak value dropped below threshold at t=97.921
Sound file z022.wav completed at time=98.021
Peak value exceeded threshold at time=98.975
Write sound file z023.wav starting at time=98.975
Peak value dropped below threshold at t=102.717
Sound file z023.wav completed at time=102.817
Peak value exceeded threshold at time=103.734
Insufficient duration for note: 0.072
No sound file written.
Peak value exceeded threshold at time=103.818
Write sound file z024.wav starting at time=103.818
Peak value dropped below threshold at t=106.670
Sound file z024.wav completed at time=106.770
Peak value exceeded threshold at time=107.694
Write sound file z025.wav starting at time=107.694
Peak value dropped below threshold at t=110.323
Sound file z025.wav completed at time=110.423
Peak value exceeded threshold at time=111.485
Write sound file z026.wav starting at time=111.485
Peak value dropped below threshold at t=114.877
Sound file z026.wav completed at time=114.977
Peak value exceeded threshold at time=115.884
Write sound file z027.wav starting at time=115.884
Peak value dropped below threshold at t=119.199
Sound file z027.wav completed at time=119.299
Peak value exceeded threshold at time=120.174
Write sound file z028.wav starting at time=120.174
Peak value dropped below threshold at t=123.549
Sound file z028.wav completed at time=123.649
Peak value exceeded threshold at time=124.525
Write sound file z029.wav starting at time=124.525
Peak value dropped below threshold at t=127.897
Sound file z029.wav completed at time=127.997
Peak value exceeded threshold at time=128.923
Write sound file z030.wav starting at time=128.923
Peak value dropped below threshold at t=132.870
Sound file z030.wav completed at time=132.970
Peak value exceeded threshold at time=133.864
Write sound file z031.wav starting at time=133.863
Peak value dropped below threshold at t=137.564
Sound file z031.wav completed at time=137.664
Peak value exceeded threshold at time=138.549
Write sound file z032.wav starting at time=138.549
Peak value dropped below threshold at t=141.846
Sound file z032.wav completed at time=141.946
Peak value exceeded threshold at time=142.851
Write sound file z033.wav starting at time=142.851
Peak value dropped below threshold at t=146.133
Sound file z033.wav completed at time=146.233
Peak value exceeded threshold at time=147.147
Write sound file z034.wav starting at time=147.147
Peak value dropped below threshold at t=150.571
Sound file z034.wav completed at time=150.671
Peak value exceeded threshold at time=151.548
Write sound file z035.wav starting at time=151.548
Peak value dropped below threshold at t=155.093
Sound file z035.wav completed at time=155.193
Peak value exceeded threshold at time=156.098
Write sound file z036.wav starting at time=156.098
All input samples of input file rfl.p.wav have been processed.
