ampl. thresh. = 100, min. dur. = 0.500, trans. dur. = 0.100
Read input sound file rfl.m.wav.
Peak value exceeded threshold at time=0.030
Write sound file z001.wav starting at time=0.030
Peak value dropped below threshold at t=4.318
Sound file z001.wav completed at time=4.418
Peak value exceeded threshold at time=5.323
Write sound file z002.wav starting at time=5.323
Peak value dropped below threshold at t=9.363
Sound file z002.wav completed at time=9.463
Peak value exceeded threshold at time=10.382
Insufficient duration for note: 0.090
No sound file written.
Peak value exceeded threshold at time=10.482
Write sound file z003.wav starting at time=10.482
Peak value dropped below threshold at t=14.355
Sound file z003.wav completed at time=14.455
Peak value exceeded threshold at time=15.403
Insufficient duration for note: 0.080
No sound file written.
Peak value exceeded threshold at time=15.494
Write sound file z004.wav starting at time=15.494
Peak value dropped below threshold at t=19.068
Sound file z004.wav completed at time=19.168
Peak value exceeded threshold at time=20.090
Insufficient duration for note: 0.058
No sound file written.
Peak value exceeded threshold at time=20.170
Write sound file z005.wav starting at time=20.170
Peak value dropped below threshold at t=23.849
Sound file z005.wav completed at time=23.949
Peak value exceeded threshold at time=24.896
Write sound file z006.wav starting at time=24.896
Peak value dropped below threshold at t=28.929
Sound file z006.wav completed at time=29.029
Peak value exceeded threshold at time=29.981
Write sound file z007.wav starting at time=29.981
Peak value dropped below threshold at t=34.441
Sound file z007.wav completed at time=34.541
Peak value exceeded threshold at time=35.472
Write sound file z008.wav starting at time=35.472
Peak value dropped below threshold at t=39.257
Sound file z008.wav completed at time=39.357
Peak value exceeded threshold at time=40.278
Insufficient duration for note: 0.047
No sound file written.
Peak value exceeded threshold at time=40.348
Write sound file z009.wav starting at time=40.348
Peak value dropped below threshold at t=44.362
Sound file z009.wav completed at time=44.462
Peak value exceeded threshold at time=45.369
Write sound file z010.wav starting at time=45.369
Peak value dropped below threshold at t=49.511
Sound file z010.wav completed at time=49.611
Peak value exceeded threshold at time=50.528
Insufficient duration for note: 0.060
No sound file written.
Peak value exceeded threshold at time=50.615
Write sound file z011.wav starting at time=50.615
Peak value dropped below threshold at t=54.524
Sound file z011.wav completed at time=54.624
Peak value exceeded threshold at time=55.545
Insufficient duration for note: 0.065
No sound file written.
Peak value exceeded threshold at time=55.614
Write sound file z012.wav starting at time=55.614
Peak value dropped below threshold at t=59.240
Sound file z012.wav completed at time=59.340
Peak value exceeded threshold at time=60.325
Insufficient duration for note: 0.073
No sound file written.
Peak value exceeded threshold at time=60.402
Write sound file z013.wav starting at time=60.402
Peak value dropped below threshold at t=63.563
Sound file z013.wav completed at time=63.663
Peak value exceeded threshold at time=64.587
Insufficient duration for note: 0.055
No sound file written.
Peak value exceeded threshold at time=64.677
Write sound file z014.wav starting at time=64.677
Peak value dropped below threshold at t=68.253
Sound file z014.wav completed at time=68.353
Peak value exceeded threshold at time=69.275
Write sound file z015.wav starting at time=69.275
Peak value dropped below threshold at t=73.154
Sound file z015.wav completed at time=73.254
Peak value exceeded threshold at time=74.183
Write sound file z016.wav starting at time=74.183
Peak value dropped below threshold at t=77.967
Sound file z016.wav completed at time=78.067
Peak value exceeded threshold at time=79.115
Write sound file z017.wav starting at time=79.115
Peak value dropped below threshold at t=83.008
Sound file z017.wav completed at time=83.108
Peak value exceeded threshold at time=84.018
Write sound file z018.wav starting at time=84.018
Peak value dropped below threshold at t=87.527
Sound file z018.wav completed at time=87.627
Peak value exceeded threshold at time=88.529
Write sound file z019.wav starting at time=88.529
Peak value dropped below threshold at t=91.839
Sound file z019.wav completed at time=91.939
Peak value exceeded threshold at time=92.880
Write sound file z020.wav starting at time=92.880
Peak value dropped below threshold at t=96.534
Sound file z020.wav completed at time=96.634
Peak value exceeded threshold at time=97.537
Insufficient duration for note: 0.049
No sound file written.
Peak value exceeded threshold at time=97.596
Write sound file z021.wav starting at time=97.596
Peak value dropped below threshold at t=100.963
Sound file z021.wav completed at time=101.063
Peak value exceeded threshold at time=101.964
Write sound file z022.wav starting at time=101.964
Peak value dropped below threshold at t=105.325
Sound file z022.wav completed at time=105.425
Peak value exceeded threshold at time=106.350
Write sound file z023.wav starting at time=106.350
Peak value dropped below threshold at t=109.617
Sound file z023.wav completed at time=109.717
Peak value exceeded threshold at time=110.625
Write sound file z024.wav starting at time=110.625
Peak value dropped below threshold at t=114.042
Sound file z024.wav completed at time=114.142
Peak value exceeded threshold at time=115.049
Write sound file z025.wav starting at time=115.049
Peak value dropped below threshold at t=118.670
Sound file z025.wav completed at time=118.770
Peak value exceeded threshold at time=119.671
Write sound file z026.wav starting at time=119.671
Peak value dropped below threshold at t=123.347
Sound file z026.wav completed at time=123.447
Peak value exceeded threshold at time=124.338
Write sound file z027.wav starting at time=124.338
Peak value dropped below threshold at t=128.187
Sound file z027.wav completed at time=128.287
Peak value exceeded threshold at time=129.196
Write sound file z028.wav starting at time=129.196
Peak value dropped below threshold at t=132.753
Sound file z028.wav completed at time=132.853
Peak value exceeded threshold at time=133.775
Write sound file z029.wav starting at time=133.775
Peak value dropped below threshold at t=137.309
Sound file z029.wav completed at time=137.409
Peak value exceeded threshold at time=138.286
Write sound file z030.wav starting at time=138.286
Peak value dropped below threshold at t=141.628
Sound file z030.wav completed at time=141.728
Peak value exceeded threshold at time=142.623
Write sound file z031.wav starting at time=142.623
Peak value dropped below threshold at t=146.344
Sound file z031.wav completed at time=146.444
Peak value exceeded threshold at time=147.348
Write sound file z032.wav starting at time=147.348
Peak value dropped below threshold at t=150.951
Sound file z032.wav completed at time=151.051
Peak value exceeded threshold at time=151.949
Write sound file z033.wav starting at time=151.949
Peak value dropped below threshold at t=155.493
Sound file z033.wav completed at time=155.593
Peak value exceeded threshold at time=156.530
Write sound file z034.wav starting at time=156.530
Peak value dropped below threshold at t=160.021
Sound file z034.wav completed at time=160.121
Peak value exceeded threshold at time=161.008
Write sound file z035.wav starting at time=161.008
Peak value dropped below threshold at t=164.045
Sound file z035.wav completed at time=164.145
Peak value exceeded threshold at time=165.048
Write sound file z036.wav starting at time=165.048
Peak value dropped below threshold at t=168.254
Sound file z036.wav completed at time=168.354
Peak value exceeded threshold at time=169.271
Write sound file z037.wav starting at time=169.271
All input samples of input file rfl.m.wav have been processed.
